ERROR - 2024-01-27 00:47:03 --> Error connecting to the database: No connection could be made because the target machine actively refused it.

CRITICAL - 2024-01-27 00:47:03 --> Unable to connect to the database.
Main connection [MySQLi]: No connection could be made because the target machine actively refused it.

#0 D:\buku\system\Database\BaseConnection.php(577): CodeIgniter\Database\BaseConnection->initialize()
#1 D:\buku\system\Database\BaseBuilder.php(1455): CodeIgniter\Database\BaseConnection->query('SELECT `favicon...', Array, false)
#2 D:\buku\app\Views\partial_login\header_login.php(14): CodeIgniter\Database\BaseBuilder->get()
#3 D:\buku\system\View\View.php(210): include('D:\\buku\\app\\Vie...')
#4 D:\buku\system\View\View.php(213): CodeIgniter\View\View->CodeIgniter\View\{closure}()
#5 D:\buku\system\Common.php(1089): CodeIgniter\View\View->render('partial_login/h...', Array, true)
#6 D:\buku\app\Controllers\Login.php(21): view('partial_login/h...', Array)
#7 D:\buku\system\CodeIgniter.php(832): App\Controllers\Login->index()
#8 D:\buku\system\CodeIgniter.php(419): CodeIgniter\CodeIgniter->runController(Object(App\Controllers\Login))
#9 D:\buku\system\CodeIgniter.php(326): CodeIgniter\CodeIgniter->handleRequest(NULL, Object(Config\Cache), false)
#10 D:\buku\public\index.php(37): CodeIgniter\CodeIgniter->run()
#11 D:\buku\system\Commands\Server\rewrite.php(43): require_once('D:\\buku\\public\\...')
#12 {main}
ERROR - 2024-01-27 00:47:47 --> Error connecting to the database: No connection could be made because the target machine actively refused it.

CRITICAL - 2024-01-27 00:47:47 --> Unable to connect to the database.
Main connection [MySQLi]: No connection could be made because the target machine actively refused it.

#0 D:\buku\system\Database\BaseConnection.php(577): CodeIgniter\Database\BaseConnection->initialize()
#1 D:\buku\system\Database\BaseBuilder.php(1455): CodeIgniter\Database\BaseConnection->query('SELECT `favicon...', Array, false)
#2 D:\buku\app\Views\partial_login\header_login.php(14): CodeIgniter\Database\BaseBuilder->get()
#3 D:\buku\system\View\View.php(210): include('D:\\buku\\app\\Vie...')
#4 D:\buku\system\View\View.php(213): CodeIgniter\View\View->CodeIgniter\View\{closure}()
#5 D:\buku\system\Common.php(1089): CodeIgniter\View\View->render('partial_login/h...', Array, true)
#6 D:\buku\app\Controllers\Login.php(21): view('partial_login/h...', Array)
#7 D:\buku\system\CodeIgniter.php(832): App\Controllers\Login->index()
#8 D:\buku\system\CodeIgniter.php(419): CodeIgniter\CodeIgniter->runController(Object(App\Controllers\Login))
#9 D:\buku\system\CodeIgniter.php(326): CodeIgniter\CodeIgniter->handleRequest(NULL, Object(Config\Cache), false)
#10 D:\buku\public\index.php(37): CodeIgniter\CodeIgniter->run()
#11 D:\buku\system\Commands\Server\rewrite.php(43): require_once('D:\\buku\\public\\...')
#12 {main}
ERROR - 2024-01-27 00:48:36 --> Error connecting to the database: No connection could be made because the target machine actively refused it.

CRITICAL - 2024-01-27 00:48:36 --> Unable to connect to the database.
Main connection [MySQLi]: No connection could be made because the target machine actively refused it.

#0 D:\buku\system\Database\BaseConnection.php(577): CodeIgniter\Database\BaseConnection->initialize()
#1 D:\buku\system\Database\BaseBuilder.php(1455): CodeIgniter\Database\BaseConnection->query('SELECT `favicon...', Array, false)
#2 D:\buku\app\Views\partial_login\header_login.php(14): CodeIgniter\Database\BaseBuilder->get()
#3 D:\buku\system\View\View.php(210): include('D:\\buku\\app\\Vie...')
#4 D:\buku\system\View\View.php(213): CodeIgniter\View\View->CodeIgniter\View\{closure}()
#5 D:\buku\system\Common.php(1089): CodeIgniter\View\View->render('partial_login/h...', Array, true)
#6 D:\buku\app\Controllers\Login.php(21): view('partial_login/h...', Array)
#7 D:\buku\system\CodeIgniter.php(832): App\Controllers\Login->index()
#8 D:\buku\system\CodeIgniter.php(419): CodeIgniter\CodeIgniter->runController(Object(App\Controllers\Login))
#9 D:\buku\system\CodeIgniter.php(326): CodeIgniter\CodeIgniter->handleRequest(NULL, Object(Config\Cache), false)
#10 D:\buku\public\index.php(37): CodeIgniter\CodeIgniter->run()
#11 D:\buku\system\Commands\Server\rewrite.php(43): require_once('D:\\buku\\public\\...')
#12 {main}
ERROR - 2024-01-27 01:18:21 --> Table 'buku.website' doesn't exist
CRITICAL - 2024-01-27 01:18:21 --> Call to a member function getRow() on bool
#0 D:\buku\system\View\View.php(210): include()
#1 D:\buku\system\View\View.php(213): CodeIgniter\View\View->CodeIgniter\View\{closure}()
#2 D:\buku\system\Common.php(1089): CodeIgniter\View\View->render('partial_login/h...', Array, true)
#3 D:\buku\app\Controllers\Login.php(21): view('partial_login/h...', Array)
#4 D:\buku\system\CodeIgniter.php(832): App\Controllers\Login->index()
#5 D:\buku\system\CodeIgniter.php(419): CodeIgniter\CodeIgniter->runController(Object(App\Controllers\Login))
#6 D:\buku\system\CodeIgniter.php(326): CodeIgniter\CodeIgniter->handleRequest(NULL, Object(Config\Cache), false)
#7 D:\buku\public\index.php(37): CodeIgniter\CodeIgniter->run()
#8 D:\buku\system\Commands\Server\rewrite.php(43): require_once('D:\\buku\\public\\...')
#9 {main}
ERROR - 2024-01-27 01:27:46 --> Table 'buku.siswa' doesn't exist
CRITICAL - 2024-01-27 01:27:46 --> Call to a member function getRow() on bool
#0 D:\buku\system\View\View.php(210): include()
#1 D:\buku\system\View\View.php(213): CodeIgniter\View\View->CodeIgniter\View\{closure}()
#2 D:\buku\system\Common.php(1089): CodeIgniter\View\View->render('partial/top_men...', Array, true)
#3 D:\buku\app\Controllers\Dashboard.php(21): view('partial/top_men...')
#4 D:\buku\system\CodeIgniter.php(832): App\Controllers\Dashboard->index()
#5 D:\buku\system\CodeIgniter.php(419): CodeIgniter\CodeIgniter->runController(Object(App\Controllers\Dashboard))
#6 D:\buku\system\CodeIgniter.php(326): CodeIgniter\CodeIgniter->handleRequest(NULL, Object(Config\Cache), false)
#7 D:\buku\public\index.php(37): CodeIgniter\CodeIgniter->run()
#8 D:\buku\system\Commands\Server\rewrite.php(43): require_once('D:\\buku\\public\\...')
#9 {main}
ERROR - 2024-01-27 01:31:01 --> Table 'buku.siswa' doesn't exist
CRITICAL - 2024-01-27 01:31:01 --> Call to a member function getRow() on bool
#0 D:\buku\system\View\View.php(210): include()
#1 D:\buku\system\View\View.php(213): CodeIgniter\View\View->CodeIgniter\View\{closure}()
#2 D:\buku\system\Common.php(1089): CodeIgniter\View\View->render('partial/top_men...', Array, true)
#3 D:\buku\app\Controllers\Dashboard.php(21): view('partial/top_men...')
#4 D:\buku\system\CodeIgniter.php(832): App\Controllers\Dashboard->index()
#5 D:\buku\system\CodeIgniter.php(419): CodeIgniter\CodeIgniter->runController(Object(App\Controllers\Dashboard))
#6 D:\buku\system\CodeIgniter.php(326): CodeIgniter\CodeIgniter->handleRequest(NULL, Object(Config\Cache), false)
#7 D:\buku\public\index.php(37): CodeIgniter\CodeIgniter->run()
#8 D:\buku\system\Commands\Server\rewrite.php(43): require_once('D:\\buku\\public\\...')
#9 {main}
CRITICAL - 2024-01-27 01:41:29 --> Class 'App\Models\M_website' not found
#0 D:\buku\system\CodeIgniter.php(832): App\Controllers\Data_website->index()
#1 D:\buku\system\CodeIgniter.php(419): CodeIgniter\CodeIgniter->runController(Object(App\Controllers\Data_website))
#2 D:\buku\system\CodeIgniter.php(326): CodeIgniter\CodeIgniter->handleRequest(NULL, Object(Config\Cache), false)
#3 D:\buku\public\index.php(37): CodeIgniter\CodeIgniter->run()
#4 D:\buku\system\Commands\Server\rewrite.php(43): require_once('D:\\buku\\public\\...')
#5 {main}
CRITICAL - 2024-01-27 01:41:57 --> Invalid file: data_website/view.php
#0 D:\buku\system\View\View.php(198): CodeIgniter\Exceptions\FrameworkException::forInvalidFile('data_website/vi...')
#1 D:\buku\system\Common.php(1089): CodeIgniter\View\View->render('data_website/vi...', Array, true)
#2 D:\buku\app\Controllers\Data_website.php(22): view('data_website/vi...', Array)
#3 D:\buku\system\CodeIgniter.php(832): App\Controllers\Data_website->index()
#4 D:\buku\system\CodeIgniter.php(419): CodeIgniter\CodeIgniter->runController(Object(App\Controllers\Data_website))
#5 D:\buku\system\CodeIgniter.php(326): CodeIgniter\CodeIgniter->handleRequest(NULL, Object(Config\Cache), false)
#6 D:\buku\public\index.php(37): CodeIgniter\CodeIgniter->run()
#7 D:\buku\system\Commands\Server\rewrite.php(43): require_once('D:\\buku\\public\\...')
#8 {main}
CRITICAL - 2024-01-27 01:43:25 --> Class 'App\Models\M_level' not found
#0 D:\buku\system\CodeIgniter.php(832): App\Controllers\Data_level->index()
#1 D:\buku\system\CodeIgniter.php(419): CodeIgniter\CodeIgniter->runController(Object(App\Controllers\Data_level))
#2 D:\buku\system\CodeIgniter.php(326): CodeIgniter\CodeIgniter->handleRequest(NULL, Object(Config\Cache), false)
#3 D:\buku\public\index.php(37): CodeIgniter\CodeIgniter->run()
#4 D:\buku\system\Commands\Server\rewrite.php(43): require_once('D:\\buku\\public\\...')
#5 {main}
ERROR - 2024-01-27 02:05:18 --> Unknown column 'user.deleted_at' in 'where clause'
CRITICAL - 2024-01-27 02:05:18 --> Call to a member function getResult() on bool
#0 D:\buku\app\Controllers\User.php(22): App\Models\M_user->join2('user', 'level', 'user.level=leve...')
#1 D:\buku\system\CodeIgniter.php(832): App\Controllers\User->index()
#2 D:\buku\system\CodeIgniter.php(419): CodeIgniter\CodeIgniter->runController(Object(App\Controllers\User))
#3 D:\buku\system\CodeIgniter.php(326): CodeIgniter\CodeIgniter->handleRequest(NULL, Object(Config\Cache), false)
#4 D:\buku\public\index.php(37): CodeIgniter\CodeIgniter->run()
#5 D:\buku\system\Commands\Server\rewrite.php(43): require_once('D:\\buku\\public\\...')
#6 {main}
CRITICAL - 2024-01-27 02:36:39 --> Invalid file: partial/footer.php
#0 D:\buku\system\View\View.php(198): CodeIgniter\Exceptions\FrameworkException::forInvalidFile('partial/footer....')
#1 D:\buku\system\Common.php(1089): CodeIgniter\View\View->render('partial/footer', Array, true)
#2 D:\buku\app\Controllers\User.php(66): view('partial/footer')
#3 D:\buku\system\CodeIgniter.php(832): App\Controllers\User->tambah()
#4 D:\buku\system\CodeIgniter.php(419): CodeIgniter\CodeIgniter->runController(Object(App\Controllers\User))
#5 D:\buku\system\CodeIgniter.php(326): CodeIgniter\CodeIgniter->handleRequest(NULL, Object(Config\Cache), false)
#6 D:\buku\public\index.php(37): CodeIgniter\CodeIgniter->run()
#7 D:\buku\system\Commands\Server\rewrite.php(43): require_once('D:\\buku\\public\\...')
#8 {main}
ERROR - 2024-01-27 02:50:20 --> Unknown column 'updated_at' in 'field list'
ERROR - 2024-01-27 02:53:24 --> Unknown column 'updated_at' in 'field list'
ERROR - 2024-01-27 02:53:49 --> Unknown column 'updated_at' in 'field list'
CRITICAL - 2024-01-27 03:04:44 --> Invalid file: user/edit_user.php
#0 D:\buku\system\View\View.php(198): CodeIgniter\Exceptions\FrameworkException::forInvalidFile('user/edit_user....')
#1 D:\buku\system\Common.php(1089): CodeIgniter\View\View->render('user/edit_user', Array, true)
#2 D:\buku\app\Controllers\User.php(103): view('user/edit_user', Array)
#3 D:\buku\system\CodeIgniter.php(832): App\Controllers\User->edit('2')
#4 D:\buku\system\CodeIgniter.php(419): CodeIgniter\CodeIgniter->runController(Object(App\Controllers\User))
#5 D:\buku\system\CodeIgniter.php(326): CodeIgniter\CodeIgniter->handleRequest(NULL, Object(Config\Cache), false)
#6 D:\buku\public\index.php(37): CodeIgniter\CodeIgniter->run()
#7 D:\buku\system\Commands\Server\rewrite.php(43): require_once('D:\\buku\\public\\...')
#8 {main}
CRITICAL - 2024-01-27 09:45:25 --> Invalid argument supplied for foreach()
#0 D:\buku\app\Views\book\view.php(45): CodeIgniter\Debug\Exceptions->errorHandler(2, 'Invalid argumen...', 'D:\\buku\\app\\Vie...', 45, Array)
#1 D:\buku\system\View\View.php(210): include('D:\\buku\\app\\Vie...')
#2 D:\buku\system\View\View.php(213): CodeIgniter\View\View->CodeIgniter\View\{closure}()
#3 D:\buku\system\Common.php(1089): CodeIgniter\View\View->render('book/view', Array, true)
#4 D:\buku\app\Controllers\book.php(20): view('book/view', Array)
#5 D:\buku\system\CodeIgniter.php(832): App\Controllers\book->index()
#6 D:\buku\system\CodeIgniter.php(419): CodeIgniter\CodeIgniter->runController(Object(App\Controllers\book))
#7 D:\buku\system\CodeIgniter.php(326): CodeIgniter\CodeIgniter->handleRequest(NULL, Object(Config\Cache), false)
#8 D:\buku\public\index.php(37): CodeIgniter\CodeIgniter->run()
#9 D:\buku\system\Commands\Server\rewrite.php(43): require_once('D:\\buku\\public\\...')
#10 {main}
CRITICAL - 2024-01-27 10:16:34 --> Class 'App\Controllers\M_book' not found
#0 D:\buku\system\CodeIgniter.php(832): App\Controllers\book->aksi_tambah()
#1 D:\buku\system\CodeIgniter.php(419): CodeIgniter\CodeIgniter->runController(Object(App\Controllers\book))
#2 D:\buku\system\CodeIgniter.php(326): CodeIgniter\CodeIgniter->handleRequest(NULL, Object(Config\Cache), false)
#3 D:\buku\public\index.php(37): CodeIgniter\CodeIgniter->run()
#4 D:\buku\system\Commands\Server\rewrite.php(43): require_once('D:\\buku\\public\\...')
#5 {main}
ERROR - 2024-01-27 10:17:00 --> Unknown column 'updated_at' in 'field list'
ERROR - 2024-01-27 10:20:16 --> Unknown column 'updated_at' in 'field list'
CRITICAL - 2024-01-27 10:49:29 --> Invalid argument supplied for foreach()
#0 D:\buku\app\Views\book\edit.php(136): CodeIgniter\Debug\Exceptions->errorHandler(2, 'Invalid argumen...', 'D:\\buku\\app\\Vie...', 136, Array)
#1 D:\buku\system\View\View.php(210): include('D:\\buku\\app\\Vie...')
#2 D:\buku\system\View\View.php(213): CodeIgniter\View\View->CodeIgniter\View\{closure}()
#3 D:\buku\system\Common.php(1089): CodeIgniter\View\View->render('book/edit', Array, true)
#4 D:\buku\app\Controllers\book.php(77): view('book/edit', Array)
#5 D:\buku\system\CodeIgniter.php(832): App\Controllers\book->edit('3')
#6 D:\buku\system\CodeIgniter.php(419): CodeIgniter\CodeIgniter->runController(Object(App\Controllers\book))
#7 D:\buku\system\CodeIgniter.php(326): CodeIgniter\CodeIgniter->handleRequest(NULL, Object(Config\Cache), false)
#8 D:\buku\public\index.php(37): CodeIgniter\CodeIgniter->run()
#9 D:\buku\system\Commands\Server\rewrite.php(43): require_once('D:\\buku\\public\\...')
#10 {main}
CRITICAL - 2024-01-27 10:52:21 --> Class 'App\Controllers\M_user' not found
#0 D:\buku\system\CodeIgniter.php(832): App\Controllers\book->update('3')
#1 D:\buku\system\CodeIgniter.php(419): CodeIgniter\CodeIgniter->runController(Object(App\Controllers\book))
#2 D:\buku\system\CodeIgniter.php(326): CodeIgniter\CodeIgniter->handleRequest(NULL, Object(Config\Cache), false)
#3 D:\buku\public\index.php(37): CodeIgniter\CodeIgniter->run()
#4 D:\buku\system\Commands\Server\rewrite.php(43): require_once('D:\\buku\\public\\...')
#5 {main}
ERROR - 2024-01-27 11:36:29 --> Column 'nama_k' cannot be null
ERROR - 2024-01-27 11:36:34 --> Column 'nama_k' cannot be null
CRITICAL - 2024-01-27 11:38:34 --> Cannot use object of type stdClass as array
#0 D:\buku\system\View\View.php(210): include()
#1 D:\buku\system\View\View.php(213): CodeIgniter\View\View->CodeIgniter\View\{closure}()
#2 D:\buku\system\Common.php(1089): CodeIgniter\View\View->render('kategori/edit', Array, true)
#3 D:\buku\app\Controllers\kategori.php(71): view('kategori/edit', Array)
#4 D:\buku\system\CodeIgniter.php(832): App\Controllers\kategori->edit('2')
#5 D:\buku\system\CodeIgniter.php(419): CodeIgniter\CodeIgniter->runController(Object(App\Controllers\kategori))
#6 D:\buku\system\CodeIgniter.php(326): CodeIgniter\CodeIgniter->handleRequest(NULL, Object(Config\Cache), false)
#7 D:\buku\public\index.php(37): CodeIgniter\CodeIgniter->run()
#8 D:\buku\system\Commands\Server\rewrite.php(43): require_once('D:\\buku\\public\\...')
#9 {main}
CRITICAL - 2024-01-27 11:42:42 --> Too few arguments to function App\Controllers\kategori::aksi_edit(), 0 passed in D:\buku\system\CodeIgniter.php on line 832 and exactly 1 expected
#0 D:\buku\system\CodeIgniter.php(832): App\Controllers\kategori->aksi_edit()
#1 D:\buku\system\CodeIgniter.php(419): CodeIgniter\CodeIgniter->runController(Object(App\Controllers\kategori))
#2 D:\buku\system\CodeIgniter.php(326): CodeIgniter\CodeIgniter->handleRequest(NULL, Object(Config\Cache), false)
#3 D:\buku\public\index.php(37): CodeIgniter\CodeIgniter->run()
#4 D:\buku\system\Commands\Server\rewrite.php(43): require_once('D:\\buku\\public\\...')
#5 {main}
CRITICAL - 2024-01-27 11:45:51 --> Too few arguments to function App\Controllers\kategori::aksi_edit(), 0 passed in D:\buku\system\CodeIgniter.php on line 832 and exactly 1 expected
#0 D:\buku\system\CodeIgniter.php(832): App\Controllers\kategori->aksi_edit()
#1 D:\buku\system\CodeIgniter.php(419): CodeIgniter\CodeIgniter->runController(Object(App\Controllers\kategori))
#2 D:\buku\system\CodeIgniter.php(326): CodeIgniter\CodeIgniter->handleRequest(NULL, Object(Config\Cache), false)
#3 D:\buku\public\index.php(37): CodeIgniter\CodeIgniter->run()
#4 D:\buku\system\Commands\Server\rewrite.php(43): require_once('D:\\buku\\public\\...')
#5 {main}
CRITICAL - 2024-01-27 11:46:53 --> Too few arguments to function App\Controllers\kategori::aksi_edit(), 0 passed in D:\buku\system\CodeIgniter.php on line 832 and exactly 1 expected
#0 D:\buku\system\CodeIgniter.php(832): App\Controllers\kategori->aksi_edit()
#1 D:\buku\system\CodeIgniter.php(419): CodeIgniter\CodeIgniter->runController(Object(App\Controllers\kategori))
#2 D:\buku\system\CodeIgniter.php(326): CodeIgniter\CodeIgniter->handleRequest(NULL, Object(Config\Cache), false)
#3 D:\buku\public\index.php(37): CodeIgniter\CodeIgniter->run()
#4 D:\buku\system\Commands\Server\rewrite.php(43): require_once('D:\\buku\\public\\...')
#5 {main}
CRITICAL - 2024-01-27 11:47:38 --> Too few arguments to function App\Controllers\kategori::aksi_edit(), 0 passed in D:\buku\system\CodeIgniter.php on line 832 and exactly 1 expected
#0 D:\buku\system\CodeIgniter.php(832): App\Controllers\kategori->aksi_edit()
#1 D:\buku\system\CodeIgniter.php(419): CodeIgniter\CodeIgniter->runController(Object(App\Controllers\kategori))
#2 D:\buku\system\CodeIgniter.php(326): CodeIgniter\CodeIgniter->handleRequest(NULL, Object(Config\Cache), false)
#3 D:\buku\public\index.php(37): CodeIgniter\CodeIgniter->run()
#4 D:\buku\system\Commands\Server\rewrite.php(43): require_once('D:\\buku\\public\\...')
#5 {main}
CRITICAL - 2024-01-27 11:49:08 --> Too few arguments to function App\Controllers\kategori::aksi_edit(), 0 passed in D:\buku\system\CodeIgniter.php on line 832 and exactly 1 expected
#0 D:\buku\system\CodeIgniter.php(832): App\Controllers\kategori->aksi_edit()
#1 D:\buku\system\CodeIgniter.php(419): CodeIgniter\CodeIgniter->runController(Object(App\Controllers\kategori))
#2 D:\buku\system\CodeIgniter.php(326): CodeIgniter\CodeIgniter->handleRequest(NULL, Object(Config\Cache), false)
#3 D:\buku\public\index.php(37): CodeIgniter\CodeIgniter->run()
#4 D:\buku\system\Commands\Server\rewrite.php(43): require_once('D:\\buku\\public\\...')
#5 {main}
