CRITICAL - 2024-01-29 08:02:00 --> Call to undefined function App\Controllers\datetime()
#0 D:\buku\system\CodeIgniter.php(832): App\Controllers\book->masukkan_koleksi('1')
#1 D:\buku\system\CodeIgniter.php(419): CodeIgniter\CodeIgniter->runController(Object(App\Controllers\book))
#2 D:\buku\system\CodeIgniter.php(326): CodeIgniter\CodeIgniter->handleRequest(NULL, Object(Config\Cache), false)
#3 D:\buku\public\index.php(37): CodeIgniter\CodeIgniter->run()
#4 D:\buku\system\Commands\Server\rewrite.php(43): require_once('D:\\buku\\public\\...')
#5 {main}
ERROR - 2024-01-29 08:08:57 --> Unknown column 'koleksi.id_book' in 'on clause'
CRITICAL - 2024-01-29 08:08:57 --> Call to a member function getResult() on bool
#0 D:\buku\app\Controllers\koleksi.php(16): App\Models\M_model->join3('koleksi', 'book', 'user', 'koleksi.id_book...', 'koleksi.id_user...')
#1 D:\buku\system\CodeIgniter.php(832): App\Controllers\koleksi->index()
#2 D:\buku\system\CodeIgniter.php(419): CodeIgniter\CodeIgniter->runController(Object(App\Controllers\koleksi))
#3 D:\buku\system\CodeIgniter.php(326): CodeIgniter\CodeIgniter->handleRequest(NULL, Object(Config\Cache), false)
#4 D:\buku\public\index.php(37): CodeIgniter\CodeIgniter->run()
#5 D:\buku\system\Commands\Server\rewrite.php(43): require_once('D:\\buku\\public\\...')
#6 {main}
CRITICAL - 2024-01-29 08:25:01 --> Cannot use object of type stdClass as array
#0 D:\buku\system\CodeIgniter.php(832): App\Controllers\book->index()
#1 D:\buku\system\CodeIgniter.php(419): CodeIgniter\CodeIgniter->runController(Object(App\Controllers\book))
#2 D:\buku\system\CodeIgniter.php(326): CodeIgniter\CodeIgniter->handleRequest(NULL, Object(Config\Cache), false)
#3 D:\buku\public\index.php(37): CodeIgniter\CodeIgniter->run()
#4 D:\buku\system\Commands\Server\rewrite.php(43): require_once('D:\\buku\\public\\...')
#5 {main}
CRITICAL - 2024-01-29 08:26:27 --> Cannot use object of type stdClass as array
#0 D:\buku\system\CodeIgniter.php(832): App\Controllers\book->index()
#1 D:\buku\system\CodeIgniter.php(419): CodeIgniter\CodeIgniter->runController(Object(App\Controllers\book))
#2 D:\buku\system\CodeIgniter.php(326): CodeIgniter\CodeIgniter->handleRequest(NULL, Object(Config\Cache), false)
#3 D:\buku\public\index.php(37): CodeIgniter\CodeIgniter->run()
#4 D:\buku\system\Commands\Server\rewrite.php(43): require_once('D:\\buku\\public\\...')
#5 {main}
CRITICAL - 2024-01-29 08:29:41 --> Cannot use object of type stdClass as array
#0 D:\buku\system\CodeIgniter.php(832): App\Controllers\book->index()
#1 D:\buku\system\CodeIgniter.php(419): CodeIgniter\CodeIgniter->runController(Object(App\Controllers\book))
#2 D:\buku\system\CodeIgniter.php(326): CodeIgniter\CodeIgniter->handleRequest(NULL, Object(Config\Cache), false)
#3 D:\buku\public\index.php(37): CodeIgniter\CodeIgniter->run()
#4 D:\buku\system\Commands\Server\rewrite.php(43): require_once('D:\\buku\\public\\...')
#5 {main}
CRITICAL - 2024-01-29 08:31:28 --> Cannot use object of type stdClass as array
#0 D:\buku\system\CodeIgniter.php(832): App\Controllers\book->index()
#1 D:\buku\system\CodeIgniter.php(419): CodeIgniter\CodeIgniter->runController(Object(App\Controllers\book))
#2 D:\buku\system\CodeIgniter.php(326): CodeIgniter\CodeIgniter->handleRequest(NULL, Object(Config\Cache), false)
#3 D:\buku\public\index.php(37): CodeIgniter\CodeIgniter->run()
#4 D:\buku\system\Commands\Server\rewrite.php(43): require_once('D:\\buku\\public\\...')
#5 {main}
CRITICAL - 2024-01-29 08:31:33 --> Cannot use object of type stdClass as array
#0 D:\buku\system\CodeIgniter.php(832): App\Controllers\book->index()
#1 D:\buku\system\CodeIgniter.php(419): CodeIgniter\CodeIgniter->runController(Object(App\Controllers\book))
#2 D:\buku\system\CodeIgniter.php(326): CodeIgniter\CodeIgniter->handleRequest(NULL, Object(Config\Cache), false)
#3 D:\buku\public\index.php(37): CodeIgniter\CodeIgniter->run()
#4 D:\buku\system\Commands\Server\rewrite.php(43): require_once('D:\\buku\\public\\...')
#5 {main}
CRITICAL - 2024-01-29 08:33:59 --> Cannot use object of type stdClass as array
#0 D:\buku\system\CodeIgniter.php(832): App\Controllers\book->index()
#1 D:\buku\system\CodeIgniter.php(419): CodeIgniter\CodeIgniter->runController(Object(App\Controllers\book))
#2 D:\buku\system\CodeIgniter.php(326): CodeIgniter\CodeIgniter->handleRequest(NULL, Object(Config\Cache), false)
#3 D:\buku\public\index.php(37): CodeIgniter\CodeIgniter->run()
#4 D:\buku\system\Commands\Server\rewrite.php(43): require_once('D:\\buku\\public\\...')
#5 {main}
CRITICAL - 2024-01-29 08:34:15 --> Cannot use object of type stdClass as array
#0 D:\buku\system\CodeIgniter.php(832): App\Controllers\book->index()
#1 D:\buku\system\CodeIgniter.php(419): CodeIgniter\CodeIgniter->runController(Object(App\Controllers\book))
#2 D:\buku\system\CodeIgniter.php(326): CodeIgniter\CodeIgniter->handleRequest(NULL, Object(Config\Cache), false)
#3 D:\buku\public\index.php(37): CodeIgniter\CodeIgniter->run()
#4 D:\buku\system\Commands\Server\rewrite.php(43): require_once('D:\\buku\\public\\...')
#5 {main}
CRITICAL - 2024-01-29 08:48:43 --> First parameter must either be an object or the name of an existing class
#0 [internal function]: CodeIgniter\Debug\Exceptions->errorHandler(2, 'First parameter...', 'D:\\buku\\app\\Mod...', 37, Array)
#1 D:\buku\app\Models\M_model.php(37): property_exists(Array, 'status')
#2 D:\buku\app\Controllers\book.php(22): App\Models\M_model->getStatusKoleksi('1')
#3 D:\buku\system\CodeIgniter.php(832): App\Controllers\book->index()
#4 D:\buku\system\CodeIgniter.php(419): CodeIgniter\CodeIgniter->runController(Object(App\Controllers\book))
#5 D:\buku\system\CodeIgniter.php(326): CodeIgniter\CodeIgniter->handleRequest(NULL, Object(Config\Cache), false)
#6 D:\buku\public\index.php(37): CodeIgniter\CodeIgniter->run()
#7 D:\buku\system\Commands\Server\rewrite.php(43): require_once('D:\\buku\\public\\...')
#8 {main}
CRITICAL - 2024-01-29 09:10:20 --> Too few arguments to function App\Controllers\book::commentForm(), 0 passed in D:\buku\system\CodeIgniter.php on line 832 and exactly 1 expected
#0 D:\buku\system\CodeIgniter.php(832): App\Controllers\book->commentForm()
#1 D:\buku\system\CodeIgniter.php(419): CodeIgniter\CodeIgniter->runController(Object(App\Controllers\book))
#2 D:\buku\system\CodeIgniter.php(326): CodeIgniter\CodeIgniter->handleRequest(NULL, Object(Config\Cache), false)
#3 D:\buku\public\index.php(37): CodeIgniter\CodeIgniter->run()
#4 D:\buku\system\Commands\Server\rewrite.php(43): require_once('D:\\buku\\public\\...')
#5 {main}
CRITICAL - 2024-01-29 09:10:39 --> Class 'App\Controllers\CommentModel' not found
#0 D:\buku\system\CodeIgniter.php(832): App\Controllers\book->commentForm('1')
#1 D:\buku\system\CodeIgniter.php(419): CodeIgniter\CodeIgniter->runController(Object(App\Controllers\book))
#2 D:\buku\system\CodeIgniter.php(326): CodeIgniter\CodeIgniter->handleRequest(NULL, Object(Config\Cache), false)
#3 D:\buku\public\index.php(37): CodeIgniter\CodeIgniter->run()
#4 D:\buku\system\Commands\Server\rewrite.php(43): require_once('D:\\buku\\public\\...')
#5 {main}
ERROR - 2024-01-29 09:12:02 --> Unknown column 'comments.post_id' in 'where clause'
CRITICAL - 2024-01-29 09:12:02 --> Call to a member function getResult() on bool
#0 D:\buku\system\BaseModel.php(584): CodeIgniter\Model->doFindAll(0, 0)
#1 D:\buku\app\Models\CommentModel.php(17): CodeIgniter\BaseModel->findAll()
#2 D:\buku\app\Controllers\book.php(172): App\Models\CommentModel->getCommentsByPost('1')
#3 D:\buku\system\CodeIgniter.php(832): App\Controllers\book->commentForm('1')
#4 D:\buku\system\CodeIgniter.php(419): CodeIgniter\CodeIgniter->runController(Object(App\Controllers\book))
#5 D:\buku\system\CodeIgniter.php(326): CodeIgniter\CodeIgniter->handleRequest(NULL, Object(Config\Cache), false)
#6 D:\buku\public\index.php(37): CodeIgniter\CodeIgniter->run()
#7 D:\buku\system\Commands\Server\rewrite.php(43): require_once('D:\\buku\\public\\...')
#8 {main}
CRITICAL - 2024-01-29 09:39:36 --> Cannot redeclare App\Models\M_model::filter222()
#0 [internal function]: CodeIgniter\Debug\Exceptions->shutdownHandler()
#1 {main}
CRITICAL - 2024-01-29 09:58:05 --> Invalid file: filter_koleksi.php
#0 D:\buku\system\View\View.php(198): CodeIgniter\Exceptions\FrameworkException::forInvalidFile('filter_koleksi....')
#1 D:\buku\system\Common.php(1089): CodeIgniter\View\View->render('filter_koleksi', Array, true)
#2 D:\buku\app\Controllers\laporan_koleksi.php(20): view('filter_koleksi', Array)
#3 D:\buku\system\CodeIgniter.php(832): App\Controllers\laporan_koleksi->index()
#4 D:\buku\system\CodeIgniter.php(419): CodeIgniter\CodeIgniter->runController(Object(App\Controllers\laporan_koleksi))
#5 D:\buku\system\CodeIgniter.php(326): CodeIgniter\CodeIgniter->handleRequest(NULL, Object(Config\Cache), false)
#6 D:\buku\public\index.php(37): CodeIgniter\CodeIgniter->run()
#7 D:\buku\system\Commands\Server\rewrite.php(43): require_once('D:\\buku\\public\\...')
#8 {main}
CRITICAL - 2024-01-29 09:59:05 --> Invalid file: filter_koleksi.php
#0 D:\buku\system\View\View.php(198): CodeIgniter\Exceptions\FrameworkException::forInvalidFile('filter_koleksi....')
#1 D:\buku\system\Common.php(1089): CodeIgniter\View\View->render('filter_koleksi', Array, true)
#2 D:\buku\app\Controllers\laporan_koleksi.php(20): view('filter_koleksi', Array)
#3 D:\buku\system\CodeIgniter.php(832): App\Controllers\laporan_koleksi->index()
#4 D:\buku\system\CodeIgniter.php(419): CodeIgniter\CodeIgniter->runController(Object(App\Controllers\laporan_koleksi))
#5 D:\buku\system\CodeIgniter.php(326): CodeIgniter\CodeIgniter->handleRequest(NULL, Object(Config\Cache), false)
#6 D:\buku\public\index.php(37): CodeIgniter\CodeIgniter->run()
#7 D:\buku\system\Commands\Server\rewrite.php(43): require_once('D:\\buku\\public\\...')
#8 {main}
CRITICAL - 2024-01-29 10:14:19 --> Invalid file: filter_comment.php
#0 D:\buku\system\View\View.php(198): CodeIgniter\Exceptions\FrameworkException::forInvalidFile('filter_comment....')
#1 D:\buku\system\Common.php(1089): CodeIgniter\View\View->render('filter_comment', Array, true)
#2 D:\buku\app\Controllers\laporan_comment.php(20): view('filter_comment', Array)
#3 D:\buku\system\CodeIgniter.php(832): App\Controllers\laporan_comment->index()
#4 D:\buku\system\CodeIgniter.php(419): CodeIgniter\CodeIgniter->runController(Object(App\Controllers\laporan_comment))
#5 D:\buku\system\CodeIgniter.php(326): CodeIgniter\CodeIgniter->handleRequest(NULL, Object(Config\Cache), false)
#6 D:\buku\public\index.php(37): CodeIgniter\CodeIgniter->run()
#7 D:\buku\system\Commands\Server\rewrite.php(43): require_once('D:\\buku\\public\\...')
#8 {main}
ERROR - 2024-01-29 10:27:55 --> Unknown table 'buku.koleksi'
CRITICAL - 2024-01-29 10:27:55 --> Call to a member function getResult() on bool
#0 D:\buku\app\Controllers\laporan_comment.php(32): App\Models\M_model->filtersi('comments', '2024-01-01 12:0...', '2024-01-31 12:0...')
#1 D:\buku\system\CodeIgniter.php(832): App\Controllers\laporan_comment->print_windows()
#2 D:\buku\system\CodeIgniter.php(419): CodeIgniter\CodeIgniter->runController(Object(App\Controllers\laporan_comment))
#3 D:\buku\system\CodeIgniter.php(326): CodeIgniter\CodeIgniter->handleRequest(NULL, Object(Config\Cache), false)
#4 D:\buku\public\index.php(37): CodeIgniter\CodeIgniter->run()
#5 D:\buku\system\Commands\Server\rewrite.php(43): require_once('D:\\buku\\public\\...')
#6 {main}
CRITICAL - 2024-01-29 11:16:23 --> Invalid argument supplied for foreach()
#0 D:\buku\app\Views\login\dashboard.php(60): CodeIgniter\Debug\Exceptions->errorHandler(2, 'Invalid argumen...', 'D:\\buku\\app\\Vie...', 60, Array)
#1 D:\buku\system\View\View.php(210): include('D:\\buku\\app\\Vie...')
#2 D:\buku\system\View\View.php(213): CodeIgniter\View\View->CodeIgniter\View\{closure}()
#3 D:\buku\system\Common.php(1089): CodeIgniter\View\View->render('login/dashboard', Array, true)
#4 D:\buku\app\Controllers\Dashboard.php(22): view('login/dashboard', Array)
#5 D:\buku\system\CodeIgniter.php(832): App\Controllers\Dashboard->index()
#6 D:\buku\system\CodeIgniter.php(419): CodeIgniter\CodeIgniter->runController(Object(App\Controllers\Dashboard))
#7 D:\buku\system\CodeIgniter.php(326): CodeIgniter\CodeIgniter->handleRequest(NULL, Object(Config\Cache), false)
#8 D:\buku\public\index.php(37): CodeIgniter\CodeIgniter->run()
#9 D:\buku\system\Commands\Server\rewrite.php(43): require_once('D:\\buku\\public\\...')
#10 {main}
CRITICAL - 2024-01-29 11:33:03 --> Class 'App\Controllers\M_model' not found
#0 D:\buku\system\CodeIgniter.php(832): App\Controllers\Home->aksi_tambah_user()
#1 D:\buku\system\CodeIgniter.php(419): CodeIgniter\CodeIgniter->runController(Object(App\Controllers\Home))
#2 D:\buku\system\CodeIgniter.php(326): CodeIgniter\CodeIgniter->handleRequest(NULL, Object(Config\Cache), false)
#3 D:\buku\public\index.php(37): CodeIgniter\CodeIgniter->run()
#4 D:\buku\system\Commands\Server\rewrite.php(43): require_once('D:\\buku\\public\\...')
#5 {main}
